current directory: /Users/jaydenthelwell/code/jaydenthelwell/projects/portfolio/''/gems/rbs-3.5.1/ext/rbs_extension
/Users/jaydenthelwell/.rbenv/versions/3.1.2/bin/ruby -I /Users/jaydenthelwell/.rbenv/versions/3.1.2/lib/ruby/3.1.0 -r ./siteconf20240613-10671-hhp79n.rb extconf.rb
checking for whether -std=gnu99 is accepted as CFLAGS... yes
creating Makefile

current directory: /Users/jaydenthelwell/code/jaydenthelwell/projects/portfolio/''/gems/rbs-3.5.1/ext/rbs_extension
make DESTDIR\= clean

current directory: /Users/jaydenthelwell/code/jaydenthelwell/projects/portfolio/''/gems/rbs-3.5.1/ext/rbs_extension
make DESTDIR\=
compiling constants.c
compiling lexer.c
compiling lexstate.c
compiling location.c
compiling main.c
compiling parser.c
compiling parserstate.c
compiling ruby_objs.c
compiling unescape.c
linking shared-object rbs_extension.bundle

current directory: /Users/jaydenthelwell/code/jaydenthelwell/projects/portfolio/''/gems/rbs-3.5.1/ext/rbs_extension
make DESTDIR\= install
/usr/bin/install -c -m 0755 rbs_extension.bundle ./.gem.20240613-10671-gbvcve
